
****************************************************************
****************************************************************
**                                                            **
**                                                            **
**        CCC     OO      SSS    M    M     OO      SSS       **
**       C       O  O    S       MM  MM    O  O    S          **
**       C       O  O     SS     M MM M    O  O     SS        **
**       C       O  O       S    M    M    O  O       S       **
**        CCC     OO     SSS     M    M     OO     SSS        **
**                                                            **
**                                                            **
**                   Simulations  V2021-B3                    **
**                 Simulation Premium Package                 **
**           Distributed By: SOLIDWORKS Corporation           **
**               6320 Canoga Avenue, Suite 300                **
**               Woodland Hills, California 91367             **
**               Telephone Number (818)673-2200               **
**         Copyright 1988-2018 SOLIDWORKS Corporation         **
**                                                            **
****************************************************************
****************************************************************

Problem name: C:\Users\alessandro
Date        : 03/15/2022     Time:   14:12:45


 SYSTEM OF UNITS:
 International System of Units, SI, is used for all input/output data.
 Common Quantities:
 Length:meter, Mass:kilogram, Time:second, Temperature:kelvin
 Force:newton, Pressure also stress:pascal, Energy:joule, Power:watt

 NUMBER OF PHYSICAL CORES USED TO RUN SIMULATION:  6

  C O N T R O L  I N F O R M A T I O N                  

   CURRENT RESTRAINT SET . . . . . . . . . . . (BC_SET)  =           1

   NUMBER OF LOAD CASES  . . . . . . . . . . . (NLCASE)  =           1
   SOLUTION MODE . . . . . . . . . . . . . . . (MODEX)   =           0
      EQ. 0, STATIC ANALYSIS                              
      EQ. 1, BUCKLING ANALYSIS                            
      EQ. 2, DYNAMIC ANALYSIS                             
      EQ. 3, DROP TEST                                    

   SOLVER TYPE . . . . . . . . . . . . . . . . .(ISOL)   =           5
      EQ. 0, DIRECT SPARSE SOLVER                         
      EQ. 1, DIRECT SKYLINE SOLVER                        
      EQ. 2, ITERATIVE SOLVER                             
      EQ. 3, EXPLICIT INTEGRATION                         
      EQ. 4, LARGE PROBLEM DIRECT SPARSE SOLVER           
      EQ. 5, INTEL DIRECT SPARSE SOLVER                   
      EQ. 6, INTEL NETWORK SPARSE SOLVER                  

   THERMAL LOADING FLAG . . . . . . . . . . . .(ITHERM)  =           0
      EQ. 0, NO THERMAL EFFECTS CONSIDERED                
      EQ. 1, ADD TEMPERATURE EFFECT                       
   GRAVITY LOADING FLAG . . . . . . . . . . . .(IGRAV)   =           0
      EQ. 0, NO GRAVITY LOADING CONSIDERED                
      EQ. 1, ADD GRAVITY LOADING EFFECT                   
   CENTRIFUGAL LOADING FLAG . . . . . . . . . .(ICNTRF)  =           0
      EQ. 0, NO CENTRIFUGAL LOADING CONSIDERED            
      EQ. 1, ADD CENTRIFUGAL LOADING EFFECT               
   IN-PLANE STIFFENING FLAG . . . . . . . . . .(INPLN)   =           0
      EQ. 0, NO IN-PLANE EFFECTS CONSIDERED               
      EQ. 1, IN-PLANE EFFECTS CONSIDERED                  
   SOFT SPRING ADDITION FLAG . . . . . . . . . (ISOFT)   =           0
      EQ. 0, NO SOFT SPRING OPTION                        
      EQ. 1, SOFT SPRING ADDED                            

   SAVE DECOMPOSED STIFFNESS MATRIX FLAG . . . (ISAVK)   =           0
      EQ. 0, DO NOT SAVE DECOMPOSED K                     
      EQ. 1, SAVE DECOMPOSED K                            
   FORM STIFFNESS MATRIX FLAG . . . . . . . . .(IFORMK)  =           0
      EQ. 0, FORM STIFFNESS MATRIX                        
      EQ. 1, USE EXISTING DECOMPOSED STIFFNESS MATRIX     

   SPIN SOFTENING FLAG . . . . . . . . . . . . (ISPIN)   =           0
      EQ. 0, NO SPIN SOFTENING EFFECTS CONSIDERED         
      EQ. 1, SPIN SOFTENING EFFECTS CONSIDERED            
   INERTIA RELIEF FLAG  . . . . . . . . . . . .(IFORMK)  =           0
      EQ. 0, NO INERITA RELIEF EFFECTS CONSIDERED         
      EQ. 1, INERITA RELIEF EFFECTS CONSIDERED            
   RIGID CONNECTIONS FLAG  . . . . . . . . . . (IRIGID)  =           0
      EQ. 0, HINGE CONNECTIONS BETWEEN SOLIDS & SHELLS    
      EQ. 1, RIGID CONNECTIONS BETWEEN SOLIDS & SHELLS    


  T O T A L  S Y S T E M  D A T A                        
   NUMBER OF EQUATIONS . . . . . . . . . . . . . .(NEQ)  =       75747
   MEAN HALF BANDWIDTH . . . . . . . . . . . . . .(MM )  =         149
   NUMBER OF ELEMENTS. . . . . . . . . . . . . . .(NUME) =       16021
   NUMBER OF NODAL POINTS. . . . . . . . . . . . .(NUMNP)=       25465

   ORIGINAL NO. OF MATRIX ELEMENTS . . . . . . . .(NWK)  =     2824330




************************************************************************
    D I S P L A C E M E N T     P R I N T O U T    (LOAD CASE     1)
************************************************************************




************************************************************************
    D I S P L A C E M E N T     P R I N T O U T    (LOAD CASE     1)
************************************************************************


  STATUS OF THERMAL EFFECTS FOR THIS LOAD CASE:
  ---------------------------------------------

    - Thermal flag is off (no thermal effect)



  S O L U T I O N   T I M E   L O G   I N   S E C
            FOR PROBLEM
     TIME FOR INPUT PHASE  . . . . . . . . . . . . . . =       2
     TIME FOR CALCULATION OF STRUCTURE STIFFNESS MATRIX=       0
     TIME FOR INTEL DIRECT SPARSE SOLVER . . . . . . . =       0

     TIME FOR LCP CONTACT (AND/OR LRG DISP) OPERATIONS (Prep) . . =       4
     ***** ITERATION NUMBER ***** . . . . . . . . =       1
     TIME FOR CALCULATION OF STRUCTURE STIFFNESS MATRIX . . . . . =     669
     TIME FOR INTEL DIRECT SPARSE SOLVER . . . . . . . . . . . . .=     929
     TIME FOR LCP CONTACT(AND/OR LRG DISP) OPERATIONS(Convrg chk) =       1

     ***** ITERATION NUMBER ***** . . . . . . . . =       2
     TIME FOR CALCULATION OF STRUCTURE STIFFNESS MATRIX . . . . . =     653
     TIME FOR INTEL DIRECT SPARSE SOLVER . . . . . . . . . . . . .=     917
     TIME FOR LCP CONTACT(AND/OR LRG DISP) OPERATIONS(Convrg chk) =       1

     ***** ITERATION NUMBER ***** . . . . . . . . =       3
     TIME FOR CALCULATION OF STRUCTURE STIFFNESS MATRIX . . . . . =     653
     TIME FOR INTEL DIRECT SPARSE SOLVER . . . . . . . . . . . . .=     917
     TIME FOR LCP CONTACT(AND/OR LRG DISP) OPERATIONS(Convrg chk) =       0

     ***** ITERATION NUMBER ***** . . . . . . . . =       4
     TIME FOR CALCULATION OF STRUCTURE STIFFNESS MATRIX . . . . . =     662
     TIME FOR INTEL DIRECT SPARSE SOLVER . . . . . . . . . . . . .=     930
     TIME FOR LCP CONTACT(AND/OR LRG DISP) OPERATIONS(Convrg chk) =       1

     ***** ITERATION NUMBER ***** . . . . . . . . =       5
     TIME FOR CALCULATION OF STRUCTURE STIFFNESS MATRIX . . . . . =     672
     TIME FOR INTEL DIRECT SPARSE SOLVER . . . . . . . . . . . . .=     970
     TIME FOR LCP CONTACT(AND/OR LRG DISP) OPERATIONS(Convrg chk) =       1

     ***** ITERATION NUMBER ***** . . . . . . . . =       6
     TIME FOR CALCULATION OF STRUCTURE STIFFNESS MATRIX . . . . . =     659
     TIME FOR INTEL DIRECT SPARSE SOLVER . . . . . . . . . . . . .=     930
     TIME FOR LCP CONTACT(AND/OR LRG DISP) OPERATIONS(Convrg chk) =       0


   LOAD FACTOR =   0.1250E+00
   ***************************


 TOTAL STRAIN ENERGY. . . . . . . . . . . =  0.976754E-02

             D I S P L A C E M E N T S

     NODE X-DISPL.     Y-DISPL.     Z-DISPL.     XX-ROT.      YY-ROT.      ZZ-ROT.


 MINIMUM/MAXIMUM DISPLACEMENTS

  NODE     20497        14450         3299        19970            1        20831
  MIN.  -8.63096E-06 -2.15872E-03 -4.33295E-04 -1.67509E-07   0.0000     -9.08058E-08

  NODE     20254        15435         2764        20035        25465        19968
  MAX.   8.62561E-06  2.25078E-03  1.20607E-03  1.10134E-07   0.0000      1.14044E-07

 MAXIMUM RESULTANT DISPLACEMENT

  NODE     15494
  MAX.   2.38781E-03


         R E A C T I O N   F O R C E

  TOTAL   CSYS         FX             FY             FZ
           0       0.1501E-01     -.1694         -50.09    

 TOTAL STRAIN ENERGY. . . . . . . . . . . =  0.100696E-01



********************************************************************************
 MAXIMUM NODAL VON MISES STRESS & ERROR ESTIMATE FOR LOAD CASE   1
********************************************************************************

  NODE     22797
  MAX.     0.51365E+08
     TIME FOR LCP CONTACT (AND/OR LRG DISP) OPERATIONS (Results) .=     627

     TIME FOR LCP CONTACT (AND/OR LRG DISP) OPERATIONS (Prep) . . =       1
     TIME FOR CALCULATION OF STRUCTURE STIFFNESS MATRIX . . . . . =     684
     TIME FOR INTEL DIRECT SPARSE SOLVER . . . . . . . . . . . . .=     952
     TIME FOR LCP CONTACT(AND/OR LRG DISP) OPERATIONS(Convrg chk) =       2

     ***** ITERATION NUMBER ***** . . . . . . . . =       1
     TIME FOR CALCULATION OF STRUCTURE STIFFNESS MATRIX . . . . . =     658
     TIME FOR INTEL DIRECT SPARSE SOLVER . . . . . . . . . . . . .=     929
     TIME FOR LCP CONTACT(AND/OR LRG DISP) OPERATIONS(Convrg chk) =       0

     ***** ITERATION NUMBER ***** . . . . . . . . =       2
     TIME FOR CALCULATION OF STRUCTURE STIFFNESS MATRIX . . . . . =     674
     TIME FOR INTEL DIRECT SPARSE SOLVER . . . . . . . . . . . . .=     927
     TIME FOR LCP CONTACT(AND/OR LRG DISP) OPERATIONS(Convrg chk) =       0

     ***** ITERATION NUMBER ***** . . . . . . . . =       3
     TIME FOR CALCULATION OF STRUCTURE STIFFNESS MATRIX . . . . . =     692
     TIME FOR INTEL DIRECT SPARSE SOLVER . . . . . . . . . . . . .=     910
     TIME FOR LCP CONTACT(AND/OR LRG DISP) OPERATIONS(Convrg chk) =       1

     ***** ITERATION NUMBER ***** . . . . . . . . =       4
     TIME FOR CALCULATION OF STRUCTURE STIFFNESS MATRIX . . . . . =     683
     TIME FOR INTEL DIRECT SPARSE SOLVER . . . . . . . . . . . . .=     928
     TIME FOR LCP CONTACT(AND/OR LRG DISP) OPERATIONS(Convrg chk) =       1

     ***** ITERATION NUMBER ***** . . . . . . . . =       5
     TIME FOR CALCULATION OF STRUCTURE STIFFNESS MATRIX . . . . . =     701
     TIME FOR INTEL DIRECT SPARSE SOLVER . . . . . . . . . . . . .=     928
     TIME FOR LCP CONTACT(AND/OR LRG DISP) OPERATIONS(Convrg chk) =       1

     ***** ITERATION NUMBER ***** . . . . . . . . =       6
     TIME FOR CALCULATION OF STRUCTURE STIFFNESS MATRIX . . . . . =     773
     TIME FOR INTEL DIRECT SPARSE SOLVER . . . . . . . . . . . . .=     928
     TIME FOR LCP CONTACT(AND/OR LRG DISP) OPERATIONS(Convrg chk) =       0


   LOAD FACTOR =   0.6250E+00
   ***************************


 TOTAL STRAIN ENERGY. . . . . . . . . . . =  0.239729E+00

             D I S P L A C E M E N T S

     NODE X-DISPL.     Y-DISPL.     Z-DISPL.     XX-ROT.      YY-ROT.      ZZ-ROT.


 MINIMUM/MAXIMUM DISPLACEMENTS

  NODE      3250        14450         3299        19980            1        20030
  MIN.  -7.72348E-05 -8.73807E-03 -2.02057E-03 -8.11176E-07   0.0000     -5.63642E-07

  NODE      5514        15435         2764        20035        25465        20671
  MAX.   8.07458E-05  9.57629E-03  5.20474E-03  8.86651E-07   0.0000      7.18952E-07

 MAXIMUM RESULTANT DISPLACEMENT

  NODE     15494
  MAX.   1.01406E-02


         R E A C T I O N   F O R C E

  TOTAL   CSYS         FX             FY             FZ
           0       0.1441         0.8421E-01     -250.2    

 TOTAL STRAIN ENERGY. . . . . . . . . . . =  0.231229E+00



********************************************************************************
 MAXIMUM NODAL VON MISES STRESS & ERROR ESTIMATE FOR LOAD CASE   1
********************************************************************************

  NODE     20007
  MAX.     0.25464E+09
     TIME FOR LCP CONTACT (AND/OR LRG DISP) OPERATIONS (Results) .=     568

     TIME FOR LCP CONTACT (AND/OR LRG DISP) OPERATIONS (Prep) . . =       2
     TIME FOR CALCULATION OF STRUCTURE STIFFNESS MATRIX . . . . . =     675
     TIME FOR INTEL DIRECT SPARSE SOLVER . . . . . . . . . . . . .=     943
     TIME FOR LCP CONTACT(AND/OR LRG DISP) OPERATIONS(Convrg chk) =       0

     ***** ITERATION NUMBER ***** . . . . . . . . =       1
     TIME FOR CALCULATION OF STRUCTURE STIFFNESS MATRIX . . . . . =     700
     TIME FOR INTEL DIRECT SPARSE SOLVER . . . . . . . . . . . . .=     968
     TIME FOR LCP CONTACT(AND/OR LRG DISP) OPERATIONS(Convrg chk) =       0

     ***** ITERATION NUMBER ***** . . . . . . . . =       2
     TIME FOR CALCULATION OF STRUCTURE STIFFNESS MATRIX . . . . . =     777
     TIME FOR INTEL DIRECT SPARSE SOLVER . . . . . . . . . . . . .=     987
     TIME FOR LCP CONTACT(AND/OR LRG DISP) OPERATIONS(Convrg chk) =       3

     ***** ITERATION NUMBER ***** . . . . . . . . =       3
     TIME FOR CALCULATION OF STRUCTURE STIFFNESS MATRIX . . . . . =     740
     TIME FOR INTEL DIRECT SPARSE SOLVER . . . . . . . . . . . . .=     988
     TIME FOR LCP CONTACT(AND/OR LRG DISP) OPERATIONS(Convrg chk) =       0

     ***** ITERATION NUMBER ***** . . . . . . . . =       4
     TIME FOR CALCULATION OF STRUCTURE STIFFNESS MATRIX . . . . . =     705
     TIME FOR INTEL DIRECT SPARSE SOLVER . . . . . . . . . . . . .=     976
     TIME FOR LCP CONTACT(AND/OR LRG DISP) OPERATIONS(Convrg chk) =       1


   LOAD FACTOR =   0.1000E+01
   ***************************


 TOTAL STRAIN ENERGY. . . . . . . . . . . =  0.566541E+00

             D I S P L A C E M E N T S

     NODE X-DISPL.     Y-DISPL.     Z-DISPL.     XX-ROT.      YY-ROT.      ZZ-ROT.


 MINIMUM/MAXIMUM DISPLACEMENTS

  NODE      3250        14450         3299        25281            1        20030
  MIN.  -1.39014E-04 -1.19722E-02 -2.91139E-03 -1.36662E-06   0.0000     -9.79932E-07

  NODE      5514        15435         2764        20035        25465        20671
  MAX.   1.43418E-04  1.31698E-02  7.28325E-03  1.48974E-06   0.0000      1.22843E-06

 MAXIMUM RESULTANT DISPLACEMENT

  NODE     15494
  MAX.   1.39561E-02


         R E A C T I O N   F O R C E

  TOTAL   CSYS         FX             FY             FZ
           0       -.1079         -.3670E-01     -400.3    

 TOTAL STRAIN ENERGY. . . . . . . . . . . =  0.526054E+00



********************************************************************************
 MAXIMUM NODAL VON MISES STRESS & ERROR ESTIMATE FOR LOAD CASE   1
********************************************************************************

  NODE     20007
  MAX.     0.41075E+09



   E R R O R    E S T I M A T I O N
   (for requested elements)

   Total Strain Energy (TSE)        =  0.526054E+00
   Total Error Energy (TEE)         =  0.358714E-01
   Ave. Percentage Error (APE)      =  0.181578E+02
     ( APE =  sqrt (TEE/(TSE*2. + TEE)) * 100. )
     TIME FOR LCP CONTACT (AND/OR LRG DISP) OPERATIONS (Results) .=     647




********************************************************************************
   MFLOP Rate of Matrix Decomposition . . . . . . . (MF/Sec)=       0.0
********************************************************************************


                             S O L U T I O N    T I M E   L O G    I N    S E C O N D S
  DEFINITIONS
     INP_PHASE=TIME FOR INPUT PHASE
     STF_PHASE=TIME FOR CALCULATION OF STRUCTURE STIFFNESS MATRIX
     REN_PHASE=TIME FOR REORDERING EQUATIONS
     SOL_PHASE=TIME FOR INTEL DIRECT SPARSE SOLUTION
     CNT_PHASE=TIME FOR LCP CONTACT (AND/OR LRG DISP) OPERATIONS
     REC_PHASE=TIME FOR REACTION FORCE & DISP UPDATE TO POST
     STS_PHASE=TIME FOR STRESS CALCULATION
     LCS_PHASE=TIME FOR LOAD CASE SOLUTIONS
     TOT_TIME =TOTAL SOLUTION TIME

          INP_PHASE STF_PHASE REN_PHASE SOL_PHASE CNT_PHASE REC_PHASE STS_PHASE LCS_PHASE  TOT_TIME 
                  2        12         8         9         1         0         0         0        36
                                                      (   0: 0:36)



